Performing C SOURCE FILE Test CMAKE_HAVE_LIBC_PTHREAD failed with the following output:
Change Dir: /root/Database/lab6/minisql/test/CMakeFiles/CMakeTmp

Run Build Command(s):/usr/bin/make -f Makefile cmTC_26b59/fast && /usr/bin/make  -f CMakeFiles/cmTC_26b59.dir/build.make CMakeFiles/cmTC_26b59.dir/build
make[1]: Entering directory '/root/Database/lab6/minisql/test/CMakeFiles/CMakeTmp'
Building C object CMakeFiles/cmTC_26b59.dir/src.c.o
/usr/bin/cc -DCMAKE_HAVE_LIBC_PTHREAD   -o CMakeFiles/cmTC_26b59.dir/src.c.o -c /root/Database/lab6/minisql/test/CMakeFiles/CMakeTmp/src.c
Linking C executable cmTC_26b59
/usr/local/cmake/bin/cmake -E cmake_link_script CMakeFiles/cmTC_26b59.dir/link.txt --verbose=1
/usr/bin/cc -rdynamic CMakeFiles/cmTC_26b59.dir/src.c.o -o cmTC_26b59 
/usr/bin/ld: CMakeFiles/cmTC_26b59.dir/src.c.o: in function `main':
src.c:(.text+0x46): undefined reference to `pthread_create'
/usr/bin/ld: src.c:(.text+0x52): undefined reference to `pthread_detach'
/usr/bin/ld: src.c:(.text+0x5e): undefined reference to `pthread_cancel'
/usr/bin/ld: src.c:(.text+0x6f): undefined reference to `pthread_join'
collect2: error: ld returned 1 exit status
make[1]: *** [CMakeFiles/cmTC_26b59.dir/build.make:99: cmTC_26b59] Error 1
make[1]: Leaving directory '/root/Database/lab6/minisql/test/CMakeFiles/CMakeTmp'
make: *** [Makefile:127: cmTC_26b59/fast] Error 2


Source file was:
#include <pthread.h>

static void* test_func(void* data)
{
  return data;
}

int main(void)
{
  pthread_t thread;
  pthread_create(&thread, NULL, test_func, NULL);
  pthread_detach(thread);
  pthread_cancel(thread);
  pthread_join(thread, NULL);
  pthread_atfork(NULL, NULL, NULL);
  pthread_exit(NULL);

  return 0;
}

Determining if the function pthread_create exists in the pthreads failed with the following output:
Change Dir: /root/Database/lab6/minisql/test/CMakeFiles/CMakeTmp

Run Build Command(s):/usr/bin/make -f Makefile cmTC_581a6/fast && /usr/bin/make  -f CMakeFiles/cmTC_581a6.dir/build.make CMakeFiles/cmTC_581a6.dir/build
make[1]: Entering directory '/root/Database/lab6/minisql/test/CMakeFiles/CMakeTmp'
Building C object CMakeFiles/cmTC_581a6.dir/CheckFunctionExists.c.o
/usr/bin/cc   -DCHECK_FUNCTION_EXISTS=pthread_create -o CMakeFiles/cmTC_581a6.dir/CheckFunctionExists.c.o -c /usr/local/cmake/share/cmake-3.23/Modules/CheckFunctionExists.c
Linking C executable cmTC_581a6
/usr/local/cmake/bin/cmake -E cmake_link_script CMakeFiles/cmTC_581a6.dir/link.txt --verbose=1
/usr/bin/cc  -DCHECK_FUNCTION_EXISTS=pthread_create -rdynamic CMakeFiles/cmTC_581a6.dir/CheckFunctionExists.c.o -o cmTC_581a6  -lpthreads 
/usr/bin/ld: cannot find -lpthreads
collect2: error: ld returned 1 exit status
make[1]: *** [CMakeFiles/cmTC_581a6.dir/build.make:99: cmTC_581a6] Error 1
make[1]: Leaving directory '/root/Database/lab6/minisql/test/CMakeFiles/CMakeTmp'
make: *** [Makefile:127: cmTC_581a6/fast] Error 2



Determining size of unsigned __int16 failed with the following output:
Change Dir: /root/Database/lab6/minisql/test/CMakeFiles/CMakeTmp

Run Build Command(s):/usr/bin/make -f Makefile cmTC_b526c/fast && /usr/bin/make  -f CMakeFiles/cmTC_b526c.dir/build.make CMakeFiles/cmTC_b526c.dir/build
make[1]: Entering directory '/root/Database/lab6/minisql/test/CMakeFiles/CMakeTmp'
Building CXX object CMakeFiles/cmTC_b526c.dir/HAVE___UINT16.cpp.o
/usr/bin/c++   -fPIE -std=gnu++17 -o CMakeFiles/cmTC_b526c.dir/HAVE___UINT16.cpp.o -c /root/Database/lab6/minisql/test/CMakeFiles/CheckTypeSize/HAVE___UINT16.cpp
/root/Database/lab6/minisql/test/CMakeFiles/CheckTypeSize/HAVE___UINT16.cpp:27:22: error: expected primary-expression before ‘unsigned’
   27 | #define SIZE (sizeof(unsigned __int16))
      |                      ^~~~~~~~
/root/Database/lab6/minisql/test/CMakeFiles/CheckTypeSize/HAVE___UINT16.cpp:29:12: note: in expansion of macro ‘SIZE’
   29 |   ('0' + ((SIZE / 10000)%10)),
      |            ^~~~
/root/Database/lab6/minisql/test/CMakeFiles/CheckTypeSize/HAVE___UINT16.cpp:27:22: error: expected ‘)’ before ‘unsigned’
   27 | #define SIZE (sizeof(unsigned __int16))
      |                     ~^~~~~~~~
/root/Database/lab6/minisql/test/CMakeFiles/CheckTypeSize/HAVE___UINT16.cpp:29:12: note: in expansion of macro ‘SIZE’
   29 |   ('0' + ((SIZE / 10000)%10)),
      |            ^~~~
/root/Database/lab6/minisql/test/CMakeFiles/CheckTypeSize/HAVE___UINT16.cpp:38:7: error: expected ‘)’ before ‘}’ token
   38 |   '\0'};
      |       ^
      |       )
/root/Database/lab6/minisql/test/CMakeFiles/CheckTypeSize/HAVE___UINT16.cpp:27:14: note: to match this ‘(’
   27 | #define SIZE (sizeof(unsigned __int16))
      |              ^
/root/Database/lab6/minisql/test/CMakeFiles/CheckTypeSize/HAVE___UINT16.cpp:29:12: note: in expansion of macro ‘SIZE’
   29 |   ('0' + ((SIZE / 10000)%10)),
      |            ^~~~
/root/Database/lab6/minisql/test/CMakeFiles/CheckTypeSize/HAVE___UINT16.cpp:38:7: error: expected ‘)’ before ‘}’ token
   38 |   '\0'};
      |       ^
      |       )
/root/Database/lab6/minisql/test/CMakeFiles/CheckTypeSize/HAVE___UINT16.cpp:29:11: note: to match this ‘(’
   29 |   ('0' + ((SIZE / 10000)%10)),
      |           ^
/root/Database/lab6/minisql/test/CMakeFiles/CheckTypeSize/HAVE___UINT16.cpp:38:7: error: expected ‘)’ before ‘}’ token
   38 |   '\0'};
      |       ^
      |       )
/root/Database/lab6/minisql/test/CMakeFiles/CheckTypeSize/HAVE___UINT16.cpp:29:10: note: to match this ‘(’
   29 |   ('0' + ((SIZE / 10000)%10)),
      |          ^
/root/Database/lab6/minisql/test/CMakeFiles/CheckTypeSize/HAVE___UINT16.cpp:38:7: error: expected ‘)’ before ‘}’ token
   38 |   '\0'};
      |       ^
      |       )
/root/Database/lab6/minisql/test/CMakeFiles/CheckTypeSize/HAVE___UINT16.cpp:29:3: note: to match this ‘(’
   29 |   ('0' + ((SIZE / 10000)%10)),
      |   ^
make[1]: *** [CMakeFiles/cmTC_b526c.dir/build.make:78: CMakeFiles/cmTC_b526c.dir/HAVE___UINT16.cpp.o] Error 1
make[1]: Leaving directory '/root/Database/lab6/minisql/test/CMakeFiles/CMakeTmp'
make: *** [Makefile:127: cmTC_b526c/fast] Error 2


/root/Database/lab6/minisql/test/CMakeFiles/CheckTypeSize/HAVE___UINT16.cpp:
#include <sys/types.h>
#include <stdint.h>
#include <stddef.h>


#undef KEY
#if defined(__i386)
# define KEY '_','_','i','3','8','6'
#elif defined(__x86_64)
# define KEY '_','_','x','8','6','_','6','4'
#elif defined(__PPC64__)
# define KEY '_','_','P','P','C','6','4','_','_'
#elif defined(__ppc64__)
# define KEY '_','_','p','p','c','6','4','_','_'
#elif defined(__PPC__)
# define KEY '_','_','P','P','C','_','_'
#elif defined(__ppc__)
# define KEY '_','_','p','p','c','_','_'
#elif defined(__aarch64__)
# define KEY '_','_','a','a','r','c','h','6','4','_','_'
#elif defined(__ARM_ARCH_7A__)
# define KEY '_','_','A','R','M','_','A','R','C','H','_','7','A','_','_'
#elif defined(__ARM_ARCH_7S__)
# define KEY '_','_','A','R','M','_','A','R','C','H','_','7','S','_','_'
#endif

#define SIZE (sizeof(unsigned __int16))
static char info_size[] =  {'I', 'N', 'F', 'O', ':', 's','i','z','e','[',
  ('0' + ((SIZE / 10000)%10)),
  ('0' + ((SIZE / 1000)%10)),
  ('0' + ((SIZE / 100)%10)),
  ('0' + ((SIZE / 10)%10)),
  ('0' +  (SIZE    % 10)),
  ']',
#ifdef KEY
  ' ','k','e','y','[', KEY, ']',
#endif
  '\0'};

#ifdef __CLASSIC_C__
int main(argc, argv) int argc; char *argv[];
#else
int main(int argc, char *argv[])
#endif
{
  int require = 0;
  require += info_size[argc];
  (void)argv;
  return require;
}


Determining if the function dladdr exists failed with the following output:
Change Dir: /root/Database/lab6/minisql/test/CMakeFiles/CMakeTmp

Run Build Command(s):/usr/bin/make -f Makefile cmTC_d198d/fast && /usr/bin/make  -f CMakeFiles/cmTC_d198d.dir/build.make CMakeFiles/cmTC_d198d.dir/build
make[1]: Entering directory '/root/Database/lab6/minisql/test/CMakeFiles/CMakeTmp'
Building C object CMakeFiles/cmTC_d198d.dir/CheckFunctionExists.c.o
/usr/bin/cc   -DCHECK_FUNCTION_EXISTS=dladdr -fPIE -o CMakeFiles/cmTC_d198d.dir/CheckFunctionExists.c.o -c /usr/local/cmake/share/cmake-3.23/Modules/CheckFunctionExists.c
Linking C executable cmTC_d198d
/usr/local/cmake/bin/cmake -E cmake_link_script CMakeFiles/cmTC_d198d.dir/link.txt --verbose=1
/usr/bin/cc  -DCHECK_FUNCTION_EXISTS=dladdr CMakeFiles/cmTC_d198d.dir/CheckFunctionExists.c.o -o cmTC_d198d 
/usr/bin/ld: CMakeFiles/cmTC_d198d.dir/CheckFunctionExists.c.o: in function `main':
CheckFunctionExists.c:(.text+0x14): undefined reference to `dladdr'
collect2: error: ld returned 1 exit status
make[1]: *** [CMakeFiles/cmTC_d198d.dir/build.make:99: cmTC_d198d] Error 1
make[1]: Leaving directory '/root/Database/lab6/minisql/test/CMakeFiles/CMakeTmp'
make: *** [Makefile:127: cmTC_d198d/fast] Error 2



Performing C++ SOURCE FILE Test HAVE_NO_UNNAMED_TYPE_TEMPLATE_ARGS failed with the following output:
Change Dir: /root/Database/lab6/minisql/test/CMakeFiles/CMakeTmp

Run Build Command(s):/usr/bin/make -f Makefile cmTC_4ab4c/fast && /usr/bin/make  -f CMakeFiles/cmTC_4ab4c.dir/build.make CMakeFiles/cmTC_4ab4c.dir/build
make[1]: Entering directory '/root/Database/lab6/minisql/test/CMakeFiles/CMakeTmp'
Building CXX object CMakeFiles/cmTC_4ab4c.dir/src.cxx.o
/usr/bin/c++ -DHAVE_NO_UNNAMED_TYPE_TEMPLATE_ARGS  -fPIE   -Wunnamed-type-template-args -o CMakeFiles/cmTC_4ab4c.dir/src.cxx.o -c /root/Database/lab6/minisql/test/CMakeFiles/CMakeTmp/src.cxx
c++: error: unrecognized command line option '-Wunnamed-type-template-args'
make[1]: *** [CMakeFiles/cmTC_4ab4c.dir/build.make:78: CMakeFiles/cmTC_4ab4c.dir/src.cxx.o] Error 1
make[1]: Leaving directory '/root/Database/lab6/minisql/test/CMakeFiles/CMakeTmp'
make: *** [Makefile:127: cmTC_4ab4c/fast] Error 2


Source file was:
int main() { return 0; }
Determining if the pthread_threadid_np exist failed with the following output:
Change Dir: /root/Database/lab6/minisql/test/CMakeFiles/CMakeTmp

Run Build Command(s):/usr/bin/make -f Makefile cmTC_14d09/fast && /usr/bin/make  -f CMakeFiles/cmTC_14d09.dir/build.make CMakeFiles/cmTC_14d09.dir/build
make[1]: Entering directory '/root/Database/lab6/minisql/test/CMakeFiles/CMakeTmp'
Building CXX object CMakeFiles/cmTC_14d09.dir/CheckSymbolExists.cxx.o
/usr/bin/c++   -fPIE -std=gnu++17 -o CMakeFiles/cmTC_14d09.dir/CheckSymbolExists.cxx.o -c /root/Database/lab6/minisql/test/CMakeFiles/CMakeTmp/CheckSymbolExists.cxx
/root/Database/lab6/minisql/test/CMakeFiles/CMakeTmp/CheckSymbolExists.cxx: In function 'int main(int, char**)':
/root/Database/lab6/minisql/test/CMakeFiles/CMakeTmp/CheckSymbolExists.cxx:8:19: error: 'pthread_threadid_np' was not declared in this scope; did you mean 'pthread_tryjoin_np'?
    8 |   return ((int*)(&pthread_threadid_np))[argc];
      |                   ^~~~~~~~~~~~~~~~~~~
      |                   pthread_tryjoin_np
make[1]: *** [CMakeFiles/cmTC_14d09.dir/build.make:78: CMakeFiles/cmTC_14d09.dir/CheckSymbolExists.cxx.o] Error 1
make[1]: Leaving directory '/root/Database/lab6/minisql/test/CMakeFiles/CMakeTmp'
make: *** [Makefile:127: cmTC_14d09/fast] Error 2


File /root/Database/lab6/minisql/test/CMakeFiles/CMakeTmp/CheckSymbolExists.cxx:
/* */
#include <pthread.h>

int main(int argc, char** argv)
{
  (void)argv;
#ifndef pthread_threadid_np
  return ((int*)(&pthread_threadid_np))[argc];
#else
  (void)argc;
  return 0;
#endif
}
Determining if the function UnDecorateSymbolName exists in the dbghelp failed with the following output:
Change Dir: /root/Database/lab6/minisql/test/CMakeFiles/CMakeTmp

Run Build Command(s):/usr/bin/make -f Makefile cmTC_e1747/fast && /usr/bin/make  -f CMakeFiles/cmTC_e1747.dir/build.make CMakeFiles/cmTC_e1747.dir/build
make[1]: Entering directory '/root/Database/lab6/minisql/test/CMakeFiles/CMakeTmp'
Building C object CMakeFiles/cmTC_e1747.dir/CheckFunctionExists.c.o
/usr/bin/cc   -DCHECK_FUNCTION_EXISTS=UnDecorateSymbolName -fPIE -o CMakeFiles/cmTC_e1747.dir/CheckFunctionExists.c.o -c /usr/local/cmake/share/cmake-3.23/Modules/CheckFunctionExists.c
Linking C executable cmTC_e1747
/usr/local/cmake/bin/cmake -E cmake_link_script CMakeFiles/cmTC_e1747.dir/link.txt --verbose=1
/usr/bin/cc  -DCHECK_FUNCTION_EXISTS=UnDecorateSymbolName -rdynamic CMakeFiles/cmTC_e1747.dir/CheckFunctionExists.c.o -o cmTC_e1747  -ldbghelp 
/usr/bin/ld: cannot find -ldbghelp
collect2: error: ld returned 1 exit status
make[1]: *** [CMakeFiles/cmTC_e1747.dir/build.make:99: cmTC_e1747] Error 1
make[1]: Leaving directory '/root/Database/lab6/minisql/test/CMakeFiles/CMakeTmp'
make: *** [Makefile:127: cmTC_e1747/fast] Error 2



Performing C++ SOURCE FILE Test HAVE___DECLSPEC failed with the following output:
Change Dir: /root/Database/lab6/minisql/test/CMakeFiles/CMakeTmp

Run Build Command(s):/usr/bin/make -f Makefile cmTC_5b839/fast && /usr/bin/make  -f CMakeFiles/cmTC_5b839.dir/build.make CMakeFiles/cmTC_5b839.dir/build
make[1]: Entering directory '/root/Database/lab6/minisql/test/CMakeFiles/CMakeTmp'
Building CXX object CMakeFiles/cmTC_5b839.dir/src.cxx.o
/usr/bin/c++ -DHAVE___DECLSPEC  -fPIE -o CMakeFiles/cmTC_5b839.dir/src.cxx.o -c /root/Database/lab6/minisql/test/CMakeFiles/CMakeTmp/src.cxx
/root/Database/lab6/minisql/test/CMakeFiles/CMakeTmp/src.cxx:2:11: error: expected constructor, destructor, or type conversion before '(' token
    2 | __declspec(selectany) int a;
      |           ^
make[1]: *** [CMakeFiles/cmTC_5b839.dir/build.make:78: CMakeFiles/cmTC_5b839.dir/src.cxx.o] Error 1
make[1]: Leaving directory '/root/Database/lab6/minisql/test/CMakeFiles/CMakeTmp'
make: *** [Makefile:127: cmTC_5b839/fast] Error 2


Source file was:

__declspec(selectany) int a;
int main(void) { return 0; }

Performing C++ SOURCE FILE Test STL_NO_NAMESPACE failed with the following output:
Change Dir: /root/Database/lab6/minisql/test/CMakeFiles/CMakeTmp

Run Build Command(s):/usr/bin/make -f Makefile cmTC_f8e22/fast && /usr/bin/make  -f CMakeFiles/cmTC_f8e22.dir/build.make CMakeFiles/cmTC_f8e22.dir/build
make[1]: Entering directory '/root/Database/lab6/minisql/test/CMakeFiles/CMakeTmp'
Building CXX object CMakeFiles/cmTC_f8e22.dir/src.cxx.o
/usr/bin/c++ -DSTL_NO_NAMESPACE  -fPIE -o CMakeFiles/cmTC_f8e22.dir/src.cxx.o -c /root/Database/lab6/minisql/test/CMakeFiles/CMakeTmp/src.cxx
/root/Database/lab6/minisql/test/CMakeFiles/CMakeTmp/src.cxx:3:1: error: 'vector' does not name a type
    3 | vector<int> t; int main() { }
      | ^~~~~~
make[1]: *** [CMakeFiles/cmTC_f8e22.dir/build.make:78: CMakeFiles/cmTC_f8e22.dir/src.cxx.o] Error 1
make[1]: Leaving directory '/root/Database/lab6/minisql/test/CMakeFiles/CMakeTmp'
make: *** [Makefile:127: cmTC_f8e22/fast] Error 2


Source file was:

#include <vector>
vector<int> t; int main() { }

Performing C++ SOURCE FILE Test HAVE_MSVC_TLS failed with the following output:
Change Dir: /root/Database/lab6/minisql/test/CMakeFiles/CMakeTmp

Run Build Command(s):/usr/bin/make -f Makefile cmTC_fae06/fast && /usr/bin/make  -f CMakeFiles/cmTC_fae06.dir/build.make CMakeFiles/cmTC_fae06.dir/build
make[1]: Entering directory '/root/Database/lab6/minisql/test/CMakeFiles/CMakeTmp'
Building CXX object CMakeFiles/cmTC_fae06.dir/src.cxx.o
/usr/bin/c++ -DHAVE_MSVC_TLS  -fPIE -o CMakeFiles/cmTC_fae06.dir/src.cxx.o -c /root/Database/lab6/minisql/test/CMakeFiles/CMakeTmp/src.cxx
/root/Database/lab6/minisql/test/CMakeFiles/CMakeTmp/src.cxx:2:11: error: expected constructor, destructor, or type conversion before '(' token
    2 | __declspec(thread) int tls;
      |           ^
make[1]: *** [CMakeFiles/cmTC_fae06.dir/build.make:78: CMakeFiles/cmTC_fae06.dir/src.cxx.o] Error 1
make[1]: Leaving directory '/root/Database/lab6/minisql/test/CMakeFiles/CMakeTmp'
make: *** [Makefile:127: cmTC_fae06/fast] Error 2


Source file was:

__declspec(thread) int tls;
int main() { }

